[17-Sep-2020 19:45:23 Asia/Tokyo] PHP Notice:  Constant  already defined in /Applications/MAMP/htdocs/Myportfolio/function.php on line 37
[17-Sep-2020 19:45:24 Asia/Tokyo] PHP Notice:  Constant  already defined in /Applications/MAMP/htdocs/Myportfolio/function.php on line 37
[17-Sep-2020 19:45:24 Asia/Tokyo] PHP Notice:  Constant  already defined in /Applications/MAMP/htdocs/Myportfolio/function.php on line 37
[17-Sep-2020 19:45:24 Asia/Tokyo] PHP Notice:  Constant  already defined in /Applications/MAMP/htdocs/Myportfolio/function.php on line 37
[17-Sep-2020 19:47:09 Asia/Tokyo] PHP Notice:  Constant  already defined in /Applications/MAMP/htdocs/Myportfolio/function.php on line 37
[17-Sep-2020 19:47:10 Asia/Tokyo] PHP Notice:  Constant  already defined in /Applications/MAMP/htdocs/Myportfolio/function.php on line 37
[17-Sep-2020 19:47:11 Asia/Tokyo] PHP Notice:  Constant  already defined in /Applications/MAMP/htdocs/Myportfolio/function.php on line 37
[17-Sep-2020 19:48:20 Asia/Tokyo] PHP Notice:  Constant  already defined in /Applications/MAMP/htdocs/Myportfolio/function.php on line 37
[17-Sep-2020 19:48:21 Asia/Tokyo] PHP Notice:  Constant  already defined in /Applications/MAMP/htdocs/Myportfolio/function.php on line 37
[17-Sep-2020 19:48:21 Asia/Tokyo] PHP Notice:  Constant  already defined in /Applications/MAMP/htdocs/Myportfolio/function.php on line 37
[17-Sep-2020 19:55:35 Asia/Tokyo] PHP Notice:  Constant  already defined in /Applications/MAMP/htdocs/Myportfolio/function.php on line 37
[17-Sep-2020 19:55:35 Asia/Tokyo] PHP Notice:  Undefined variable: str in /Applications/MAMP/htdocs/Myportfolio/function.php on line 42
[17-Sep-2020 19:55:35 Asia/Tokyo] PHP Notice:  Undefined variable: str in /Applications/MAMP/htdocs/Myportfolio/function.php on line 42
[17-Sep-2020 19:55:35 Asia/Tokyo] PHP Notice:  Undefined variable: str in /Applications/MAMP/htdocs/Myportfolio/function.php on line 42
[17-Sep-2020 19:55:35 Asia/Tokyo] PHP Notice:  Undefined variable: str in /Applications/MAMP/htdocs/Myportfolio/function.php on line 42
[17-Sep-2020 19:55:36 Asia/Tokyo] PHP Notice:  Constant  already defined in /Applications/MAMP/htdocs/Myportfolio/function.php on line 37
[17-Sep-2020 19:55:36 Asia/Tokyo] PHP Notice:  Undefined variable: str in /Applications/MAMP/htdocs/Myportfolio/function.php on line 42
[17-Sep-2020 19:55:36 Asia/Tokyo] PHP Notice:  Undefined variable: str in /Applications/MAMP/htdocs/Myportfolio/function.php on line 42
[17-Sep-2020 19:55:36 Asia/Tokyo] PHP Notice:  Undefined variable: str in /Applications/MAMP/htdocs/Myportfolio/function.php on line 42
[17-Sep-2020 19:55:36 Asia/Tokyo] PHP Notice:  Undefined variable: str in /Applications/MAMP/htdocs/Myportfolio/function.php on line 42
[17-Sep-2020 19:55:36 Asia/Tokyo] PHP Notice:  Constant  already defined in /Applications/MAMP/htdocs/Myportfolio/function.php on line 37
[17-Sep-2020 19:55:36 Asia/Tokyo] PHP Notice:  Undefined variable: str in /Applications/MAMP/htdocs/Myportfolio/function.php on line 42
[17-Sep-2020 19:55:36 Asia/Tokyo] PHP Notice:  Undefined variable: str in /Applications/MAMP/htdocs/Myportfolio/function.php on line 42
[17-Sep-2020 19:55:36 Asia/Tokyo] PHP Notice:  Undefined variable: str in /Applications/MAMP/htdocs/Myportfolio/function.php on line 42
[17-Sep-2020 19:55:36 Asia/Tokyo] PHP Notice:  Undefined variable: str in /Applications/MAMP/htdocs/Myportfolio/function.php on line 42
[17-Sep-2020 19:55:36 Asia/Tokyo] PHP Notice:  Constant  already defined in /Applications/MAMP/htdocs/Myportfolio/function.php on line 37
[17-Sep-2020 19:55:36 Asia/Tokyo] PHP Notice:  Undefined variable: str in /Applications/MAMP/htdocs/Myportfolio/function.php on line 42
[17-Sep-2020 19:55:36 Asia/Tokyo] PHP Notice:  Undefined variable: str in /Applications/MAMP/htdocs/Myportfolio/function.php on line 42
[17-Sep-2020 19:55:36 Asia/Tokyo] PHP Notice:  Undefined variable: str in /Applications/MAMP/htdocs/Myportfolio/function.php on line 42
[17-Sep-2020 19:55:36 Asia/Tokyo] PHP Notice:  Undefined variable: str in /Applications/MAMP/htdocs/Myportfolio/function.php on line 42
[17-Sep-2020 19:55:37 Asia/Tokyo] PHP Notice:  Constant  already defined in /Applications/MAMP/htdocs/Myportfolio/function.php on line 37
[17-Sep-2020 19:55:37 Asia/Tokyo] PHP Notice:  Undefined variable: str in /Applications/MAMP/htdocs/Myportfolio/function.php on line 42
[17-Sep-2020 19:55:37 Asia/Tokyo] PHP Notice:  Undefined variable: str in /Applications/MAMP/htdocs/Myportfolio/function.php on line 42
[17-Sep-2020 19:55:37 Asia/Tokyo] PHP Notice:  Undefined variable: str in /Applications/MAMP/htdocs/Myportfolio/function.php on line 42
[17-Sep-2020 19:55:37 Asia/Tokyo] PHP Notice:  Undefined variable: str in /Applications/MAMP/htdocs/Myportfolio/function.php on line 42
[17-Sep-2020 19:57:16 Asia/Tokyo] PHP Notice:  Constant  already defined in /Applications/MAMP/htdocs/Myportfolio/function.php on line 37
[17-Sep-2020 19:57:16 Asia/Tokyo] PHP Notice:  Undefined variable: str in /Applications/MAMP/htdocs/Myportfolio/function.php on line 42
[17-Sep-2020 19:57:16 Asia/Tokyo] PHP Notice:  Undefined variable: str in /Applications/MAMP/htdocs/Myportfolio/function.php on line 42
[17-Sep-2020 19:57:16 Asia/Tokyo] PHP Notice:  Undefined variable: str in /Applications/MAMP/htdocs/Myportfolio/function.php on line 42
[17-Sep-2020 19:57:16 Asia/Tokyo] PHP Notice:  Undefined variable: str in /Applications/MAMP/htdocs/Myportfolio/function.php on line 42
[17-Sep-2020 20:01:15 Asia/Tokyo] PHP Notice:  Constant  already defined in /Applications/MAMP/htdocs/Myportfolio/function.php on line 37
[17-Sep-2020 20:01:26 Asia/Tokyo] PHP Notice:  Constant  already defined in /Applications/MAMP/htdocs/Myportfolio/function.php on line 37
[17-Sep-2020 20:01:28 Asia/Tokyo] PHP Notice:  Constant  already defined in /Applications/MAMP/htdocs/Myportfolio/function.php on line 37
[17-Sep-2020 20:01:50 Asia/Tokyo] PHP Notice:  Constant  already defined in /Applications/MAMP/htdocs/Myportfolio/function.php on line 37
[17-Sep-2020 20:01:52 Asia/Tokyo] PHP Notice:  Constant  already defined in /Applications/MAMP/htdocs/Myportfolio/function.php on line 37
[17-Sep-2020 20:02:19 Asia/Tokyo] PHP Notice:  Constant  already defined in /Applications/MAMP/htdocs/Myportfolio/function.php on line 37
[17-Sep-2020 20:02:45 Asia/Tokyo] PHP Notice:  Constant  already defined in /Applications/MAMP/htdocs/Myportfolio/function.php on line 37
[17-Sep-2020 20:04:19 Asia/Tokyo] PHP Notice:  Constant  already defined in /Applications/MAMP/htdocs/Myportfolio/function.php on line 37
[17-Sep-2020 20:04:35 Asia/Tokyo] PHP Notice:  Constant  already defined in /Applications/MAMP/htdocs/Myportfolio/function.php on line 37
[17-Sep-2020 20:04:47 Asia/Tokyo] PHP Notice:  Constant  already defined in /Applications/MAMP/htdocs/Myportfolio/function.php on line 37
[17-Sep-2020 20:04:48 Asia/Tokyo] PHP Notice:  Constant  already defined in /Applications/MAMP/htdocs/Myportfolio/function.php on line 37
[17-Sep-2020 20:05:22 Asia/Tokyo] PHP Notice:  Constant  already defined in /Applications/MAMP/htdocs/Myportfolio/function.php on line 37
[17-Sep-2020 20:05:53 Asia/Tokyo] PHP Notice:  Constant  already defined in /Applications/MAMP/htdocs/Myportfolio/function.php on line 37
[17-Sep-2020 20:06:05 Asia/Tokyo] PHP Notice:  Constant  already defined in /Applications/MAMP/htdocs/Myportfolio/function.php on line 37
[17-Sep-2020 20:08:30 Asia/Tokyo] PHP Notice:  Constant  already defined in /Applications/MAMP/htdocs/Myportfolio/function.php on line 37
[17-Sep-2020 20:08:57 Asia/Tokyo] PHP Notice:  Constant  already defined in /Applications/MAMP/htdocs/Myportfolio/function.php on line 37
[17-Sep-2020 20:09:08 Asia/Tokyo] PHP Notice:  Constant  already defined in /Applications/MAMP/htdocs/Myportfolio/function.php on line 37
[17-Sep-2020 20:09:24 Asia/Tokyo] PHP Notice:  Constant  already defined in /Applications/MAMP/htdocs/Myportfolio/function.php on line 37
[17-Sep-2020 20:09:32 Asia/Tokyo] PHP Notice:  Constant  already defined in /Applications/MAMP/htdocs/Myportfolio/function.php on line 37
[17-Sep-2020 20:09:33 Asia/Tokyo] PHP Notice:  Constant  already defined in /Applications/MAMP/htdocs/Myportfolio/function.php on line 37
[17-Sep-2020 20:09:38 Asia/Tokyo] PHP Notice:  Constant  already defined in /Applications/MAMP/htdocs/Myportfolio/function.php on line 37
[17-Sep-2020 20:09:39 Asia/Tokyo] PHP Notice:  Constant  already defined in /Applications/MAMP/htdocs/Myportfolio/function.php on line 37
[17-Sep-2020 20:09:46 Asia/Tokyo] PHP Notice:  Constant  already defined in /Applications/MAMP/htdocs/Myportfolio/function.php on line 37
[17-Sep-2020 20:09:58 Asia/Tokyo] PHP Notice:  Constant  already defined in /Applications/MAMP/htdocs/Myportfolio/function.php on line 37
[17-Sep-2020 20:10:12 Asia/Tokyo] PHP Notice:  Constant  already defined in /Applications/MAMP/htdocs/Myportfolio/function.php on line 37
[17-Sep-2020 20:10:18 Asia/Tokyo] PHP Notice:  Constant  already defined in /Applications/MAMP/htdocs/Myportfolio/function.php on line 37
[17-Sep-2020 22:20:51 Asia/Tokyo] PHP Fatal error:  Uncaught Error: Call to undefined function vaildRequired() in /Applications/MAMP/htdocs/Myportfolio/signup.php:15
Stack trace:
#0 {main}
  thrown in /Applications/MAMP/htdocs/Myportfolio/signup.php on line 15
[17-Sep-2020 22:20:52 Asia/Tokyo] PHP Fatal error:  Uncaught Error: Call to undefined function vaildRequired() in /Applications/MAMP/htdocs/Myportfolio/signup.php:15
Stack trace:
#0 {main}
  thrown in /Applications/MAMP/htdocs/Myportfolio/signup.php on line 15
[17-Sep-2020 22:21:12 Asia/Tokyo] PHP Fatal error:  Uncaught Error: Call to undefined function vaildRequired() in /Applications/MAMP/htdocs/Myportfolio/signup.php:15
Stack trace:
#0 {main}
  thrown in /Applications/MAMP/htdocs/Myportfolio/signup.php on line 15
[17-Sep-2020 22:21:13 Asia/Tokyo] PHP Fatal error:  Uncaught Error: Call to undefined function vaildRequired() in /Applications/MAMP/htdocs/Myportfolio/signup.php:15
Stack trace:
#0 {main}
  thrown in /Applications/MAMP/htdocs/Myportfolio/signup.php on line 15
[17-Sep-2020 22:33:12 Asia/Tokyo] デバッグ：「「「「「「「「「「「「「「「「「「「「「「「「「「「「「「「「「「「「「「「「
[17-Sep-2020 22:33:12 Asia/Tokyo] デバッグ：「　ユーザー登録ページ　
[17-Sep-2020 22:33:12 Asia/Tokyo] デバッグ：「「「「「「「「「「「「「「「「「「「「「「「「「「「「「「「「「「「「「「「「
[17-Sep-2020 22:33:12 Asia/Tokyo] デバッグ：>>>>>>>>>>>>>>>>>>>>>>>>>>>>>>>>>>>>>>>>>>>>>>>> 画面表示処理開始
[17-Sep-2020 22:33:12 Asia/Tokyo] デバッグ：セッションID：o0gf3qq5koscadt059d1ua4svi
[17-Sep-2020 22:33:12 Asia/Tokyo] デバッグ：セッション変数の中身：Array
(
)

[17-Sep-2020 22:33:12 Asia/Tokyo] デバッグ：現在日時タイムスタンプ：1600349592
[17-Sep-2020 22:53:43 Asia/Tokyo] デバッグ：「「「「「「「「「「「「「「「「「「「「「「「「「「「「「「「「「「「「「「「「
[17-Sep-2020 22:53:43 Asia/Tokyo] デバッグ：「　ユーザー登録ページ　
[17-Sep-2020 22:53:43 Asia/Tokyo] デバッグ：「「「「「「「「「「「「「「「「「「「「「「「「「「「「「「「「「「「「「「「「
[17-Sep-2020 22:53:43 Asia/Tokyo] デバッグ：>>>>>>>>>>>>>>>>>>>>>>>>>>>>>>>>>>>>>>>>>>>>>>>> 画面表示処理開始
[17-Sep-2020 22:53:43 Asia/Tokyo] デバッグ：セッションID：3hifj32grctjcq887kva9l3uk9
[17-Sep-2020 22:53:43 Asia/Tokyo] デバッグ：セッション変数の中身：Array
(
)

[17-Sep-2020 22:53:43 Asia/Tokyo] デバッグ：現在日時タイムスタンプ：1600350823
[17-Sep-2020 23:00:05 Asia/Tokyo] デバッグ：「「「「「「「「「「「「「「「「「「「「「「「「「「「「「「「「「「「「「「「「
[17-Sep-2020 23:00:05 Asia/Tokyo] デバッグ：「　ユーザー登録ページ　
[17-Sep-2020 23:00:05 Asia/Tokyo] デバッグ：「「「「「「「「「「「「「「「「「「「「「「「「「「「「「「「「「「「「「「「「
[17-Sep-2020 23:00:05 Asia/Tokyo] デバッグ：>>>>>>>>>>>>>>>>>>>>>>>>>>>>>>>>>>>>>>>>>>>>>>>> 画面表示処理開始
[17-Sep-2020 23:00:05 Asia/Tokyo] デバッグ：セッションID：tvd3t9e1ocr9unvfhsjepeklgt
[17-Sep-2020 23:00:05 Asia/Tokyo] デバッグ：セッション変数の中身：Array
(
)

[17-Sep-2020 23:00:05 Asia/Tokyo] デバッグ：現在日時タイムスタンプ：1600351205
[17-Sep-2020 23:06:35 Asia/Tokyo] デバッグ：「「「「「「「「「「「「「「「「「「「「「「「「「「「「「「「「「「「「「「「「
[17-Sep-2020 23:06:35 Asia/Tokyo] デバッグ：「　ユーザー登録ページ　
[17-Sep-2020 23:06:35 Asia/Tokyo] デバッグ：「「「「「「「「「「「「「「「「「「「「「「「「「「「「「「「「「「「「「「「「
[17-Sep-2020 23:06:35 Asia/Tokyo] デバッグ：>>>>>>>>>>>>>>>>>>>>>>>>>>>>>>>>>>>>>>>>>>>>>>>> 画面表示処理開始
[17-Sep-2020 23:06:35 Asia/Tokyo] デバッグ：セッションID：lau46eu2bkle0mcgjqpno05871
[17-Sep-2020 23:06:35 Asia/Tokyo] デバッグ：セッション変数の中身：Array
(
)

[17-Sep-2020 23:06:35 Asia/Tokyo] デバッグ：現在日時タイムスタンプ：1600351595
[18-Sep-2020 10:23:59 Asia/Tokyo] デバッグ：「「「「「「「「「「「「「「「「「「「「「「「「「「「「「「「「「「「「「「「「
[18-Sep-2020 10:23:59 Asia/Tokyo] デバッグ：「　ユーザー登録ページ　
[18-Sep-2020 10:23:59 Asia/Tokyo] デバッグ：「「「「「「「「「「「「「「「「「「「「「「「「「「「「「「「「「「「「「「「「
[18-Sep-2020 10:23:59 Asia/Tokyo] デバッグ：>>>>>>>>>>>>>>>>>>>>>>>>>>>>>>>>>>>>>>>>>>>>>>>> 画面表示処理開始
[18-Sep-2020 10:23:59 Asia/Tokyo] デバッグ：セッションID：9svhpk6lin0hhh74vbalonde6r
[18-Sep-2020 10:23:59 Asia/Tokyo] デバッグ：セッション変数の中身：Array
(
)

[18-Sep-2020 10:23:59 Asia/Tokyo] デバッグ：現在日時タイムスタンプ：1600392239
[18-Sep-2020 10:35:07 Asia/Tokyo] PHP Notice:  Constant MSG06 already defined in /Applications/MAMP/htdocs/Myportfolio/function.php on line 41
[18-Sep-2020 10:35:07 Asia/Tokyo] デバッグ：「「「「「「「「「「「「「「「「「「「「「「「「「「「「「「「「「「「「「「「「
[18-Sep-2020 10:35:07 Asia/Tokyo] デバッグ：「　ユーザー登録ページ　
[18-Sep-2020 10:35:07 Asia/Tokyo] デバッグ：「「「「「「「「「「「「「「「「「「「「「「「「「「「「「「「「「「「「「「「「
[18-Sep-2020 10:35:07 Asia/Tokyo] デバッグ：>>>>>>>>>>>>>>>>>>>>>>>>>>>>>>>>>>>>>>>>>>>>>>>> 画面表示処理開始
[18-Sep-2020 10:35:07 Asia/Tokyo] デバッグ：セッションID：a8tmsegp8jrlsgcaq3p31eeli2
[18-Sep-2020 10:35:07 Asia/Tokyo] デバッグ：セッション変数の中身：Array
(
)

[18-Sep-2020 10:35:07 Asia/Tokyo] デバッグ：現在日時タイムスタンプ：1600392907
[18-Sep-2020 10:35:08 Asia/Tokyo] PHP Notice:  Constant MSG06 already defined in /Applications/MAMP/htdocs/Myportfolio/function.php on line 41
[18-Sep-2020 10:35:08 Asia/Tokyo] デバッグ：「「「「「「「「「「「「「「「「「「「「「「「「「「「「「「「「「「「「「「「「
[18-Sep-2020 10:35:08 Asia/Tokyo] デバッグ：「　ユーザー登録ページ　
[18-Sep-2020 10:35:08 Asia/Tokyo] デバッグ：「「「「「「「「「「「「「「「「「「「「「「「「「「「「「「「「「「「「「「「「
[18-Sep-2020 10:35:08 Asia/Tokyo] デバッグ：>>>>>>>>>>>>>>>>>>>>>>>>>>>>>>>>>>>>>>>>>>>>>>>> 画面表示処理開始
[18-Sep-2020 10:35:08 Asia/Tokyo] デバッグ：セッションID：qrqemiil61kg14vkgmbii5g7pt
[18-Sep-2020 10:35:08 Asia/Tokyo] デバッグ：セッション変数の中身：Array
(
)

[18-Sep-2020 10:35:08 Asia/Tokyo] デバッグ：現在日時タイムスタンプ：1600392908
[18-Sep-2020 10:41:50 Asia/Tokyo] PHP Notice:  Constant MSG06 already defined in /Applications/MAMP/htdocs/Myportfolio/function.php on line 41
[18-Sep-2020 10:41:50 Asia/Tokyo] デバッグ：「「「「「「「「「「「「「「「「「「「「「「「「「「「「「「「「「「「「「「「「
[18-Sep-2020 10:41:50 Asia/Tokyo] デバッグ：「　ユーザー登録ページ　
[18-Sep-2020 10:41:50 Asia/Tokyo] デバッグ：「「「「「「「「「「「「「「「「「「「「「「「「「「「「「「「「「「「「「「「「
[18-Sep-2020 10:41:50 Asia/Tokyo] デバッグ：>>>>>>>>>>>>>>>>>>>>>>>>>>>>>>>>>>>>>>>>>>>>>>>> 画面表示処理開始
[18-Sep-2020 10:41:50 Asia/Tokyo] デバッグ：セッションID：n6530kecb173nv983ftvgopope
[18-Sep-2020 10:41:50 Asia/Tokyo] デバッグ：セッション変数の中身：Array
(
)

[18-Sep-2020 10:41:50 Asia/Tokyo] デバッグ：現在日時タイムスタンプ：1600393310
[18-Sep-2020 11:02:12 Asia/Tokyo] PHP Notice:  Constant MSG06 already defined in /Applications/MAMP/htdocs/Myportfolio/function.php on line 43
[18-Sep-2020 11:02:12 Asia/Tokyo] デバッグ：「「「「「「「「「「「「「「「「「「「「「「「「「「「「「「「「「「「「「「「「
[18-Sep-2020 11:02:12 Asia/Tokyo] デバッグ：「　ユーザー登録ページ　
[18-Sep-2020 11:02:12 Asia/Tokyo] デバッグ：「「「「「「「「「「「「「「「「「「「「「「「「「「「「「「「「「「「「「「「「
[18-Sep-2020 11:02:12 Asia/Tokyo] デバッグ：>>>>>>>>>>>>>>>>>>>>>>>>>>>>>>>>>>>>>>>>>>>>>>>> 画面表示処理開始
[18-Sep-2020 11:02:12 Asia/Tokyo] デバッグ：セッションID：jgmitfvfdo2taf4hqmgd9opatc
[18-Sep-2020 11:02:12 Asia/Tokyo] デバッグ：セッション変数の中身：Array
(
)

[18-Sep-2020 11:02:12 Asia/Tokyo] デバッグ：現在日時タイムスタンプ：1600394532
[18-Sep-2020 11:02:12 Asia/Tokyo] PHP Notice:  Undefined variable: option in /Applications/MAMP/htdocs/Myportfolio/function.php on line 79
[18-Sep-2020 11:02:12 Asia/Tokyo] エラー発生:SQLSTATE[HY000] [1049] Unknown database 'study_diary'
[18-Sep-2020 11:02:12 Asia/Tokyo] PHP Notice:  Undefined variable: option in /Applications/MAMP/htdocs/Myportfolio/function.php on line 79
[18-Sep-2020 11:02:12 Asia/Tokyo] エラー発生:SQLSTATE[HY000] [1049] Unknown database 'study_diary'
[18-Sep-2020 13:05:47 Asia/Tokyo] PHP Notice:  Constant MSG06 already defined in /Applications/MAMP/htdocs/Myportfolio/function.php on line 43
[18-Sep-2020 13:05:47 Asia/Tokyo] デバッグ：「「「「「「「「「「「「「「「「「「「「「「「「「「「「「「「「「「「「「「「「
[18-Sep-2020 13:05:47 Asia/Tokyo] デバッグ：「　ユーザー登録ページ　
[18-Sep-2020 13:05:47 Asia/Tokyo] デバッグ：「「「「「「「「「「「「「「「「「「「「「「「「「「「「「「「「「「「「「「「「
[18-Sep-2020 13:05:47 Asia/Tokyo] デバッグ：>>>>>>>>>>>>>>>>>>>>>>>>>>>>>>>>>>>>>>>>>>>>>>>> 画面表示処理開始
[18-Sep-2020 13:05:47 Asia/Tokyo] デバッグ：セッションID：bue4e249s6dff9o3k6pmu3an3k
[18-Sep-2020 13:05:47 Asia/Tokyo] デバッグ：セッション変数の中身：Array
(
)

[18-Sep-2020 13:05:47 Asia/Tokyo] デバッグ：現在日時タイムスタンプ：1600401947
[18-Sep-2020 13:06:40 Asia/Tokyo] PHP Notice:  Constant MSG06 already defined in /Applications/MAMP/htdocs/Myportfolio/function.php on line 43
[18-Sep-2020 13:06:40 Asia/Tokyo] デバッグ：「「「「「「「「「「「「「「「「「「「「「「「「「「「「「「「「「「「「「「「「
[18-Sep-2020 13:06:40 Asia/Tokyo] デバッグ：「　ユーザー登録ページ　
[18-Sep-2020 13:06:40 Asia/Tokyo] デバッグ：「「「「「「「「「「「「「「「「「「「「「「「「「「「「「「「「「「「「「「「「
[18-Sep-2020 13:06:40 Asia/Tokyo] デバッグ：>>>>>>>>>>>>>>>>>>>>>>>>>>>>>>>>>>>>>>>>>>>>>>>> 画面表示処理開始
[18-Sep-2020 13:06:40 Asia/Tokyo] デバッグ：セッションID：7qin9too24os36p2okneg8ecci
[18-Sep-2020 13:06:40 Asia/Tokyo] デバッグ：セッション変数の中身：Array
(
)

[18-Sep-2020 13:06:40 Asia/Tokyo] デバッグ：現在日時タイムスタンプ：1600402000
[18-Sep-2020 13:06:41 Asia/Tokyo] PHP Notice:  Constant MSG06 already defined in /Applications/MAMP/htdocs/Myportfolio/function.php on line 43
[18-Sep-2020 13:06:41 Asia/Tokyo] デバッグ：「「「「「「「「「「「「「「「「「「「「「「「「「「「「「「「「「「「「「「「「
[18-Sep-2020 13:06:41 Asia/Tokyo] デバッグ：「　ユーザー登録ページ　
[18-Sep-2020 13:06:41 Asia/Tokyo] デバッグ：「「「「「「「「「「「「「「「「「「「「「「「「「「「「「「「「「「「「「「「「
[18-Sep-2020 13:06:41 Asia/Tokyo] デバッグ：>>>>>>>>>>>>>>>>>>>>>>>>>>>>>>>>>>>>>>>>>>>>>>>> 画面表示処理開始
[18-Sep-2020 13:06:41 Asia/Tokyo] デバッグ：セッションID：nlp1jg6pvqbj8bqph4n3952nvb
[18-Sep-2020 13:06:41 Asia/Tokyo] デバッグ：セッション変数の中身：Array
(
)

[18-Sep-2020 13:06:41 Asia/Tokyo] デバッグ：現在日時タイムスタンプ：1600402001
[18-Sep-2020 13:06:42 Asia/Tokyo] PHP Notice:  Constant MSG06 already defined in /Applications/MAMP/htdocs/Myportfolio/function.php on line 43
[18-Sep-2020 13:06:42 Asia/Tokyo] デバッグ：「「「「「「「「「「「「「「「「「「「「「「「「「「「「「「「「「「「「「「「「
[18-Sep-2020 13:06:42 Asia/Tokyo] デバッグ：「　ユーザー登録ページ　
[18-Sep-2020 13:06:42 Asia/Tokyo] デバッグ：「「「「「「「「「「「「「「「「「「「「「「「「「「「「「「「「「「「「「「「「
[18-Sep-2020 13:06:42 Asia/Tokyo] デバッグ：>>>>>>>>>>>>>>>>>>>>>>>>>>>>>>>>>>>>>>>>>>>>>>>> 画面表示処理開始
[18-Sep-2020 13:06:42 Asia/Tokyo] デバッグ：セッションID：d8gvaq2v6o0021ii7i77ljjj89
[18-Sep-2020 13:06:42 Asia/Tokyo] デバッグ：セッション変数の中身：Array
(
)

[18-Sep-2020 13:06:42 Asia/Tokyo] デバッグ：現在日時タイムスタンプ：1600402002
[18-Sep-2020 13:08:30 Asia/Tokyo] PHP Notice:  Constant MSG06 already defined in /Applications/MAMP/htdocs/Myportfolio/function.php on line 43
[18-Sep-2020 13:08:30 Asia/Tokyo] デバッグ：「「「「「「「「「「「「「「「「「「「「「「「「「「「「「「「「「「「「「「「「
[18-Sep-2020 13:08:30 Asia/Tokyo] デバッグ：「　ユーザー登録ページ　
[18-Sep-2020 13:08:30 Asia/Tokyo] デバッグ：「「「「「「「「「「「「「「「「「「「「「「「「「「「「「「「「「「「「「「「「
[18-Sep-2020 13:08:30 Asia/Tokyo] デバッグ：>>>>>>>>>>>>>>>>>>>>>>>>>>>>>>>>>>>>>>>>>>>>>>>> 画面表示処理開始
[18-Sep-2020 13:08:30 Asia/Tokyo] デバッグ：セッションID：qku9aqd9htuv1i4f9aubsca64n
[18-Sep-2020 13:08:30 Asia/Tokyo] デバッグ：セッション変数の中身：Array
(
)

[18-Sep-2020 13:08:30 Asia/Tokyo] デバッグ：現在日時タイムスタンプ：1600402110
[18-Sep-2020 13:14:03 Asia/Tokyo] PHP Notice:  Constant MSG06 already defined in /Applications/MAMP/htdocs/Myportfolio/function.php on line 43
[18-Sep-2020 13:14:03 Asia/Tokyo] デバッグ：「「「「「「「「「「「「「「「「「「「「「「「「「「「「「「「「「「「「「「「「
[18-Sep-2020 13:14:03 Asia/Tokyo] デバッグ：「　ユーザー登録ページ　
[18-Sep-2020 13:14:03 Asia/Tokyo] デバッグ：「「「「「「「「「「「「「「「「「「「「「「「「「「「「「「「「「「「「「「「「
[18-Sep-2020 13:14:03 Asia/Tokyo] デバッグ：>>>>>>>>>>>>>>>>>>>>>>>>>>>>>>>>>>>>>>>>>>>>>>>> 画面表示処理開始
[18-Sep-2020 13:14:03 Asia/Tokyo] デバッグ：セッションID：evjtapo9df51l2c2ditqgvv1sn
[18-Sep-2020 13:14:03 Asia/Tokyo] デバッグ：セッション変数の中身：Array
(
)

[18-Sep-2020 13:14:03 Asia/Tokyo] デバッグ：現在日時タイムスタンプ：1600402443
[18-Sep-2020 13:14:05 Asia/Tokyo] PHP Notice:  Constant MSG06 already defined in /Applications/MAMP/htdocs/Myportfolio/function.php on line 43
[18-Sep-2020 13:14:05 Asia/Tokyo] デバッグ：「「「「「「「「「「「「「「「「「「「「「「「「「「「「「「「「「「「「「「「「
[18-Sep-2020 13:14:05 Asia/Tokyo] デバッグ：「　ユーザー登録ページ　
[18-Sep-2020 13:14:05 Asia/Tokyo] デバッグ：「「「「「「「「「「「「「「「「「「「「「「「「「「「「「「「「「「「「「「「「
[18-Sep-2020 13:14:05 Asia/Tokyo] デバッグ：>>>>>>>>>>>>>>>>>>>>>>>>>>>>>>>>>>>>>>>>>>>>>>>> 画面表示処理開始
[18-Sep-2020 13:14:05 Asia/Tokyo] デバッグ：セッションID：i5mg3m0u5ve5km6a16trjedkqk
[18-Sep-2020 13:14:05 Asia/Tokyo] デバッグ：セッション変数の中身：Array
(
)

[18-Sep-2020 13:14:05 Asia/Tokyo] デバッグ：現在日時タイムスタンプ：1600402445
[18-Sep-2020 13:14:06 Asia/Tokyo] PHP Notice:  Constant MSG06 already defined in /Applications/MAMP/htdocs/Myportfolio/function.php on line 43
[18-Sep-2020 13:14:06 Asia/Tokyo] デバッグ：「「「「「「「「「「「「「「「「「「「「「「「「「「「「「「「「「「「「「「「「
[18-Sep-2020 13:14:06 Asia/Tokyo] デバッグ：「　ユーザー登録ページ　
[18-Sep-2020 13:14:06 Asia/Tokyo] デバッグ：「「「「「「「「「「「「「「「「「「「「「「「「「「「「「「「「「「「「「「「「
[18-Sep-2020 13:14:06 Asia/Tokyo] デバッグ：>>>>>>>>>>>>>>>>>>>>>>>>>>>>>>>>>>>>>>>>>>>>>>>> 画面表示処理開始
[18-Sep-2020 13:14:06 Asia/Tokyo] デバッグ：セッションID：4flf13raloahoaeobi38tgaqua
[18-Sep-2020 13:14:06 Asia/Tokyo] デバッグ：セッション変数の中身：Array
(
)

[18-Sep-2020 13:14:06 Asia/Tokyo] デバッグ：現在日時タイムスタンプ：1600402446
[18-Sep-2020 13:14:06 Asia/Tokyo] PHP Notice:  Constant MSG06 already defined in /Applications/MAMP/htdocs/Myportfolio/function.php on line 43
[18-Sep-2020 13:14:06 Asia/Tokyo] デバッグ：「「「「「「「「「「「「「「「「「「「「「「「「「「「「「「「「「「「「「「「「
[18-Sep-2020 13:14:06 Asia/Tokyo] デバッグ：「　ユーザー登録ページ　
[18-Sep-2020 13:14:06 Asia/Tokyo] デバッグ：「「「「「「「「「「「「「「「「「「「「「「「「「「「「「「「「「「「「「「「「
[18-Sep-2020 13:14:06 Asia/Tokyo] デバッグ：>>>>>>>>>>>>>>>>>>>>>>>>>>>>>>>>>>>>>>>>>>>>>>>> 画面表示処理開始
[18-Sep-2020 13:14:06 Asia/Tokyo] デバッグ：セッションID：g96cgub9e2asnb1ton5bj13t1i
[18-Sep-2020 13:14:06 Asia/Tokyo] デバッグ：セッション変数の中身：Array
(
)

[18-Sep-2020 13:14:06 Asia/Tokyo] デバッグ：現在日時タイムスタンプ：1600402446
[18-Sep-2020 13:14:15 Asia/Tokyo] PHP Notice:  Constant MSG06 already defined in /Applications/MAMP/htdocs/Myportfolio/function.php on line 43
[18-Sep-2020 13:14:15 Asia/Tokyo] デバッグ：「「「「「「「「「「「「「「「「「「「「「「「「「「「「「「「「「「「「「「「「
[18-Sep-2020 13:14:15 Asia/Tokyo] デバッグ：「　ユーザー登録ページ　
[18-Sep-2020 13:14:15 Asia/Tokyo] デバッグ：「「「「「「「「「「「「「「「「「「「「「「「「「「「「「「「「「「「「「「「「
[18-Sep-2020 13:14:15 Asia/Tokyo] デバッグ：>>>>>>>>>>>>>>>>>>>>>>>>>>>>>>>>>>>>>>>>>>>>>>>> 画面表示処理開始
[18-Sep-2020 13:14:15 Asia/Tokyo] デバッグ：セッションID：v5a9lvhbo20itpl86r26vcglgf
[18-Sep-2020 13:14:15 Asia/Tokyo] デバッグ：セッション変数の中身：Array
(
)

[18-Sep-2020 13:14:15 Asia/Tokyo] デバッグ：現在日時タイムスタンプ：1600402455
[18-Sep-2020 13:15:57 Asia/Tokyo] PHP Notice:  Constant MSG06 already defined in /Applications/MAMP/htdocs/Myportfolio/function.php on line 43
[18-Sep-2020 13:15:57 Asia/Tokyo] デバッグ：「「「「「「「「「「「「「「「「「「「「「「「「「「「「「「「「「「「「「「「「
[18-Sep-2020 13:15:57 Asia/Tokyo] デバッグ：「　ユーザー登録ページ　
[18-Sep-2020 13:15:57 Asia/Tokyo] デバッグ：「「「「「「「「「「「「「「「「「「「「「「「「「「「「「「「「「「「「「「「「
[18-Sep-2020 13:15:57 Asia/Tokyo] デバッグ：>>>>>>>>>>>>>>>>>>>>>>>>>>>>>>>>>>>>>>>>>>>>>>>> 画面表示処理開始
[18-Sep-2020 13:15:57 Asia/Tokyo] デバッグ：セッションID：8g153kiqvp9u5e0sp7bpd6it4q
[18-Sep-2020 13:15:57 Asia/Tokyo] デバッグ：セッション変数の中身：Array
(
)

[18-Sep-2020 13:15:57 Asia/Tokyo] デバッグ：現在日時タイムスタンプ：1600402557
[18-Sep-2020 13:15:57 Asia/Tokyo] PHP Notice:  Undefined variable: option in /Applications/MAMP/htdocs/Myportfolio/function.php on line 79
[18-Sep-2020 13:15:57 Asia/Tokyo] エラー発生:SQLSTATE[HY000] [1049] Unknown database 'study_diary'
[18-Sep-2020 13:39:52 Asia/Tokyo] PHP Notice:  Constant MSG06 already defined in /Applications/MAMP/htdocs/Myportfolio/function.php on line 43
[18-Sep-2020 13:39:52 Asia/Tokyo] デバッグ：「「「「「「「「「「「「「「「「「「「「「「「「「「「「「「「「「「「「「「「「
[18-Sep-2020 13:39:52 Asia/Tokyo] デバッグ：「　ユーザー登録ページ　
[18-Sep-2020 13:39:52 Asia/Tokyo] デバッグ：「「「「「「「「「「「「「「「「「「「「「「「「「「「「「「「「「「「「「「「「
[18-Sep-2020 13:39:52 Asia/Tokyo] デバッグ：>>>>>>>>>>>>>>>>>>>>>>>>>>>>>>>>>>>>>>>>>>>>>>>> 画面表示処理開始
[18-Sep-2020 13:39:52 Asia/Tokyo] デバッグ：セッションID：dr9fhl4m5o6pjqh23mk7jjt39a
[18-Sep-2020 13:39:52 Asia/Tokyo] デバッグ：セッション変数の中身：Array
(
)

[18-Sep-2020 13:39:52 Asia/Tokyo] デバッグ：現在日時タイムスタンプ：1600403992
[18-Sep-2020 13:39:52 Asia/Tokyo] PHP Notice:  Undefined variable: option in /Applications/MAMP/htdocs/Myportfolio/function.php on line 79
[18-Sep-2020 13:39:52 Asia/Tokyo] デバッグ：クエリに失敗しました。
[18-Sep-2020 13:39:52 Asia/Tokyo] デバッグ：失敗したSQL：PDOStatement Object
(
    [queryString] => INSERT INTO users(email,password,user_name,login_time,create_date)
      VALUES(:email,:pass,:user_name,:login_time,:create_date)
)

[18-Sep-2020 13:41:51 Asia/Tokyo] PHP Notice:  Constant MSG06 already defined in /Applications/MAMP/htdocs/Myportfolio/function.php on line 43
[18-Sep-2020 13:41:51 Asia/Tokyo] デバッグ：「「「「「「「「「「「「「「「「「「「「「「「「「「「「「「「「「「「「「「「「
[18-Sep-2020 13:41:51 Asia/Tokyo] デバッグ：「　ユーザー登録ページ　
[18-Sep-2020 13:41:51 Asia/Tokyo] デバッグ：「「「「「「「「「「「「「「「「「「「「「「「「「「「「「「「「「「「「「「「「
[18-Sep-2020 13:41:51 Asia/Tokyo] デバッグ：>>>>>>>>>>>>>>>>>>>>>>>>>>>>>>>>>>>>>>>>>>>>>>>> 画面表示処理開始
[18-Sep-2020 13:41:51 Asia/Tokyo] デバッグ：セッションID：vs4odqtpnprie3bi1e4hgskpne
[18-Sep-2020 13:41:51 Asia/Tokyo] デバッグ：セッション変数の中身：Array
(
)

[18-Sep-2020 13:41:51 Asia/Tokyo] デバッグ：現在日時タイムスタンプ：1600404111
[18-Sep-2020 13:42:03 Asia/Tokyo] PHP Notice:  Constant MSG06 already defined in /Applications/MAMP/htdocs/Myportfolio/function.php on line 43
[18-Sep-2020 13:42:03 Asia/Tokyo] デバッグ：「「「「「「「「「「「「「「「「「「「「「「「「「「「「「「「「「「「「「「「「
[18-Sep-2020 13:42:03 Asia/Tokyo] デバッグ：「　ユーザー登録ページ　
[18-Sep-2020 13:42:03 Asia/Tokyo] デバッグ：「「「「「「「「「「「「「「「「「「「「「「「「「「「「「「「「「「「「「「「「
[18-Sep-2020 13:42:03 Asia/Tokyo] デバッグ：>>>>>>>>>>>>>>>>>>>>>>>>>>>>>>>>>>>>>>>>>>>>>>>> 画面表示処理開始
[18-Sep-2020 13:42:03 Asia/Tokyo] デバッグ：セッションID：bddd43lsfsvu0379ekfv4fsgnu
[18-Sep-2020 13:42:03 Asia/Tokyo] デバッグ：セッション変数の中身：Array
(
)

[18-Sep-2020 13:42:03 Asia/Tokyo] デバッグ：現在日時タイムスタンプ：1600404123
[18-Sep-2020 13:42:03 Asia/Tokyo] PHP Notice:  Undefined variable: option in /Applications/MAMP/htdocs/Myportfolio/function.php on line 79
[18-Sep-2020 13:42:03 Asia/Tokyo] デバッグ：クエリに失敗しました。
[18-Sep-2020 13:42:03 Asia/Tokyo] デバッグ：失敗したSQL：PDOStatement Object
(
    [queryString] => INSERT INTO users(email,password,user_name,login_time,create_date)
      VALUES(:email,:pass,:user_name,:login_time,:create_date)
)

[18-Sep-2020 13:48:29 Asia/Tokyo] PHP Notice:  Constant MSG06 already defined in /Applications/MAMP/htdocs/Myportfolio/function.php on line 43
[18-Sep-2020 13:48:29 Asia/Tokyo] デバッグ：「「「「「「「「「「「「「「「「「「「「「「「「「「「「「「「「「「「「「「「「
[18-Sep-2020 13:48:29 Asia/Tokyo] デバッグ：「　ユーザー登録ページ　
[18-Sep-2020 13:48:29 Asia/Tokyo] デバッグ：「「「「「「「「「「「「「「「「「「「「「「「「「「「「「「「「「「「「「「「「
[18-Sep-2020 13:48:29 Asia/Tokyo] デバッグ：>>>>>>>>>>>>>>>>>>>>>>>>>>>>>>>>>>>>>>>>>>>>>>>> 画面表示処理開始
[18-Sep-2020 13:48:29 Asia/Tokyo] デバッグ：セッションID：omjrjr7fj6dtkfs43v7fh4qeae
[18-Sep-2020 13:48:29 Asia/Tokyo] デバッグ：セッション変数の中身：Array
(
)

[18-Sep-2020 13:48:29 Asia/Tokyo] デバッグ：現在日時タイムスタンプ：1600404509
[18-Sep-2020 13:48:29 Asia/Tokyo] PHP Notice:  Undefined variable: option in /Applications/MAMP/htdocs/Myportfolio/function.php on line 79
[18-Sep-2020 13:48:29 Asia/Tokyo] デバッグ：クエリに失敗しました。
[18-Sep-2020 13:48:29 Asia/Tokyo] デバッグ：失敗したSQL：PDOStatement Object
(
    [queryString] => INSERT INTO users(email,password,user_name,login_time,create_date)
      VALUES(:email,:pass,:user_name,:login_time,:create_date)
)

[18-Sep-2020 13:53:04 Asia/Tokyo] PHP Notice:  Constant MSG06 already defined in /Applications/MAMP/htdocs/Myportfolio/function.php on line 43
[18-Sep-2020 13:53:04 Asia/Tokyo] デバッグ：「「「「「「「「「「「「「「「「「「「「「「「「「「「「「「「「「「「「「「「「
[18-Sep-2020 13:53:04 Asia/Tokyo] デバッグ：「　ユーザー登録ページ　
[18-Sep-2020 13:53:04 Asia/Tokyo] デバッグ：「「「「「「「「「「「「「「「「「「「「「「「「「「「「「「「「「「「「「「「「
[18-Sep-2020 13:53:04 Asia/Tokyo] デバッグ：>>>>>>>>>>>>>>>>>>>>>>>>>>>>>>>>>>>>>>>>>>>>>>>> 画面表示処理開始
[18-Sep-2020 13:53:04 Asia/Tokyo] デバッグ：セッションID：l7bbb9at11b23gt86o3ikfrmjk
[18-Sep-2020 13:53:04 Asia/Tokyo] デバッグ：セッション変数の中身：Array
(
)

[18-Sep-2020 13:53:04 Asia/Tokyo] デバッグ：現在日時タイムスタンプ：1600404784
[18-Sep-2020 13:53:04 Asia/Tokyo] PHP Notice:  Undefined variable: option in /Applications/MAMP/htdocs/Myportfolio/function.php on line 79
[18-Sep-2020 13:53:05 Asia/Tokyo] デバッグ：クエリ成功
[18-Sep-2020 13:53:05 Asia/Tokyo] デバッグ：セッション変数の中身：Array
(
    [login_date] => 1600404785
    [login_limit] => 3600
    [user_id] => 2
)

